<?xml version="1.0" encoding="UTF-8"?>
<!-- Generated by org.testng.reporters.JUnitXMLReporter -->
<testsuite ignored="0" hostname="DESKTOP-T4E0KMB" failures="1" tests="3" name="Sprint1" time="0.239" errors="0" timestamp="2022-12-14T14:40:21 IST">
  <testcase classname="TestNGClassFailedTestCase.TestClass1" name="testFB" time="0.024"/>
  <testcase classname="TestNGClassFailedTestCase.TestClass2" name="testTwitter" time="0.004"/>
  <testcase classname="TestNGClassFailedTestCase.TestClass3" name="testWordpress" time="0.026">
    <failure type="java.lang.AssertionError" message="expected [true] but found [false]">
      <![CDATA[java.lang.AssertionError: expected [true] but found [false]
at TestNGClassFailedTestCase.TestClass3.testWordpress(TestClass3.java:11)
at java.base/java.util.ArrayList.forEach(ArrayList.java:1511)
... Removed 31 stack frames]]>
    </failure>
  </testcase> <!-- testWordpress -->
</testsuite> <!-- Sprint1 -->
