<?xml version="1.0" encoding="UTF-8"?>
<testng-results ignored="0" total="1" passed="1" failed="0" skipped="0">
  <reporter-output>
  </reporter-output>
  <suite started-at="2023-03-03T13:03:23 IST" name="Default suite" finished-at="2023-03-03T13:03:33 IST" duration-ms="9425">
    <groups>
    </groups>
    <test started-at="2023-03-03T13:03:23 IST" name="Default test" finished-at="2023-03-03T13:03:33 IST" duration-ms="9425">
      <class name="automation.LoginTestPropertiesFile">
        <test-method signature="myLoginTest()[pri:0, instance:automation.LoginTestPropertiesFile@4d154ccd]" started-at="2023-03-03T13:03:23 IST" name="myLoginTest" finished-at="2023-03-03T13:03:33 IST" duration-ms="9347" status="PASS">
          <reporter-output>
          </reporter-output>
        </test-method> <!-- myLoginTest -->
      </class> <!-- automation.LoginTestPropertiesFile -->
    </test> <!-- Default test -->
  </suite> <!-- Default suite -->
</testng-results>
